1576769010870	mozrunner::runner	INFO	Running command: "/bin/firefox" "-marionette" "-foreground" "-no-remote" "-profile" "/tmp/rust_mozprofile.4OHEsukJMbL2"
1576769018679	addons.webextension.screenshots@mozilla.org	WARN	Loading extension 'screenshots@mozilla.org': Reading manifest: Invalid extension permission: mozillaAddons
1576769018680	addons.webextension.screenshots@mozilla.org	WARN	Loading extension 'screenshots@mozilla.org': Reading manifest: Invalid extension permission: telemetry
1576769018682	addons.webextension.screenshots@mozilla.org	WARN	Loading extension 'screenshots@mozilla.org': Reading manifest: Invalid extension permission: resource://pdf.js/
1576769018683	addons.webextension.screenshots@mozilla.org	WARN	Loading extension 'screenshots@mozilla.org': Reading manifest: Invalid extension permission: about:reader*
1576769027750	Marionette	INFO	Listening on port 37841
1576769027820	Marionette	WARN	TLS certificate errors will be ignored for this session
JavaScript warning: https://ca.classistatic.com/service-static/frontend-service/3.eaa2f14e.js, line 1: unreachable code after return statement
JavaScript warning: https://ca.classistatic.com/service-static/frontend-service/3.eaa2f14e.js, line 1: unreachable code after return statement
JavaScript warning: https://ca.classistatic.com/service-static/frontend-service/3.eaa2f14e.js, line 1: unreachable code after return statement
JavaScript warning: https://ca.classistatic.com/service-static/frontend-service/3.eaa2f14e.js, line 1: unreachable code after return statement
JavaScript warning: https://ca.classistatic.com/service-static/frontend-service/3.eaa2f14e.js, line 1: unreachable code after return statement
JavaScript warning: https://ca.classistatic.com/service-static/frontend-service/3.eaa2f14e.js, line 1: unreachable code after return statement
JavaScript error: https://www.kijiji.ca/b-ottawa/dentist/k0l1700185?ll=45.421530%2C-75.697193&address=Ottawa%2C+ON&radius=20.0&dc=true, line 2047: TypeError: Belen.Controller.Search.Watchlist is undefined
JavaScript warning: https://ca.classistatic.com/service-static/frontend-service/3.eaa2f14e.js, line 1: unreachable code after return statement
JavaScript warning: https://ca.classistatic.com/service-static/frontend-service/3.eaa2f14e.js, line 1: unreachable code after return statement
JavaScript error: https://www.kijiji.ca/v-women-other-clothing/ottawa/lot-of-scrubs-uniforms-size-small-white-cross-scrubstar-mobb/1478334645 line 1 > scriptElement, line 3: TypeError: top.document.getElementById(...) is null
JavaScript error: https://ca.classistatic.com/service-static/frontend-service/3.eaa2f14e.js, line 1: TypeError: e._el is null
JavaScript error: https://www.kijiji.ca/v-art-collectibles/ottawa/smurfs-new-dentist-smurf/1420709036 line 1 > scriptElement, line 3: TypeError: top.document.getElementById(...) is null
JavaScript error: https://www.kijiji.ca/v-art-collectibles/ottawa/smurfs-new-dentist-smurf/1420709036 line 1 > scriptElement, line 3: TypeError: top.document.getElementById(...) is null
JavaScript error: https://www.kijiji.ca/v-art-collectibles/ottawa/smurfs-new-dentist-smurf/1420709036 line 1 > scriptElement, line 3: TypeError: top.document.getElementById(...) is null
JavaScript error: https://www.kijiji.ca/v-art-collectibles/ottawa/smurfs-new-dentist-smurf/1420709036 line 1 > scriptElement, line 3: TypeError: top.document.getElementById(...) is null
Exiting due to channel error.
Exiting due to channel error.
Exiting due to channel error.
1576769249182	mozrunner::runner	INFO	Running command: "/bin/firefox" "-marionette" "-foreground" "-no-remote" "-profile" "/tmp/rust_mozprofile.pWjvcAk08fNG"
1576769249664	addons.webextension.screenshots@mozilla.org	WARN	Loading extension 'screenshots@mozilla.org': Reading manifest: Invalid extension permission: mozillaAddons
1576769249664	addons.webextension.screenshots@mozilla.org	WARN	Loading extension 'screenshots@mozilla.org': Reading manifest: Invalid extension permission: telemetry
1576769249664	addons.webextension.screenshots@mozilla.org	WARN	Loading extension 'screenshots@mozilla.org': Reading manifest: Invalid extension permission: resource://pdf.js/
1576769249665	addons.webextension.screenshots@mozilla.org	WARN	Loading extension 'screenshots@mozilla.org': Reading manifest: Invalid extension permission: about:reader*
1576769251503	Marionette	INFO	Listening on port 41009
1576769251616	Marionette	WARN	TLS certificate errors will be ignored for this session
JavaScript warning: https://ca.classistatic.com/service-static/frontend-service/3.eaa2f14e.js, line 1: unreachable code after return statement
JavaScript warning: https://ca.classistatic.com/service-static/frontend-service/3.eaa2f14e.js, line 1: unreachable code after return statement
JavaScript warning: https://ca.classistatic.com/service-static/frontend-service/3.eaa2f14e.js, line 1: unreachable code after return statement
JavaScript warning: https://ca.classistatic.com/service-static/frontend-service/3.eaa2f14e.js, line 1: unreachable code after return statement
JavaScript warning: https://ca.classistatic.com/service-static/frontend-service/3.eaa2f14e.js, line 1: unreachable code after return statement
JavaScript warning: https://ca.classistatic.com/service-static/frontend-service/3.eaa2f14e.js, line 1: unreachable code after return statement
JavaScript error: https://www.kijiji.ca/b-ottawa/dentist/k0l1700185?ll=45.421530%2C-75.697193&address=Ottawa%2C+ON&radius=20.0&dc=true, line 2047: TypeError: Belen.Controller.Search.Watchlist is undefined
JavaScript warning: https://ca.classistatic.com/service-static/frontend-service/3.eaa2f14e.js, line 1: unreachable code after return statement
JavaScript warning: https://ca.classistatic.com/service-static/frontend-service/3.eaa2f14e.js, line 1: unreachable code after return statement
JavaScript error: https://www.kijiji.ca/v-women-other-clothing/ottawa/lot-of-scrubs-uniforms-size-small-white-cross-scrubstar-mobb/1478334645 line 1 > scriptElement, line 3: TypeError: top.document.getElementById(...) is null
JavaScript error: https://www.kijiji.ca/v-women-other-clothing/ottawa/lot-of-scrubs-uniforms-size-small-white-cross-scrubstar-mobb/1478334645 line 1 > scriptElement, line 3: TypeError: top.document.getElementById(...) is null
Exiting due to channel error.
[Child 2077708, Chrome_ChildThread] WARNING: pipe error (56): Connection reset by peer: file /build/firefox/src/firefox-71.0/ipc/chromium/src/chrome/common/ipc_channel_posix.cc, line 358
[Child 2077708, Chrome_ChildThread] WARNING: pipe error (3): Connection reset by peer: file /build/firefox/src/firefox-71.0/ipc/chromium/src/chrome/common/ipc_channel_posix.cc, line 358
Exiting due to channel error.
Exiting due to channel error.
1576769755663	mozrunner::runner	INFO	Running command: "/bin/firefox" "-marionette" "-foreground" "-no-remote" "-profile" "/tmp/rust_mozprofile.fSdm2TVpBbkW"
1576769756198	addons.webextension.screenshots@mozilla.org	WARN	Loading extension 'screenshots@mozilla.org': Reading manifest: Invalid extension permission: mozillaAddons
1576769756199	addons.webextension.screenshots@mozilla.org	WARN	Loading extension 'screenshots@mozilla.org': Reading manifest: Invalid extension permission: telemetry
1576769756199	addons.webextension.screenshots@mozilla.org	WARN	Loading extension 'screenshots@mozilla.org': Reading manifest: Invalid extension permission: resource://pdf.js/
1576769756199	addons.webextension.screenshots@mozilla.org	WARN	Loading extension 'screenshots@mozilla.org': Reading manifest: Invalid extension permission: about:reader*
1576769758025	Marionette	INFO	Listening on port 44079
1576769758136	Marionette	WARN	TLS certificate errors will be ignored for this session
JavaScript warning: https://ca.classistatic.com/service-static/frontend-service/3.eaa2f14e.js, line 1: unreachable code after return statement
JavaScript warning: https://ca.classistatic.com/service-static/frontend-service/3.eaa2f14e.js, line 1: unreachable code after return statement
JavaScript warning: https://ca.classistatic.com/service-static/frontend-service/3.eaa2f14e.js, line 1: unreachable code after return statement
JavaScript warning: https://ca.classistatic.com/service-static/frontend-service/3.eaa2f14e.js, line 1: unreachable code after return statement
JavaScript warning: https://ca.classistatic.com/service-static/frontend-service/3.eaa2f14e.js, line 1: unreachable code after return statement
JavaScript warning: https://ca.classistatic.com/service-static/frontend-service/3.eaa2f14e.js, line 1: unreachable code after return statement
JavaScript warning: https://ca.classistatic.com/service-static/frontend-service/3.eaa2f14e.js, line 1: unreachable code after return statement
JavaScript warning: https://ca.classistatic.com/service-static/frontend-service/3.eaa2f14e.js, line 1: unreachable code after return statement
JavaScript error: https://www.kijiji.ca/v-women-other-clothing/ottawa/lot-of-scrubs-uniforms-size-small-white-cross-scrubstar-mobb/1478334645 line 1 > scriptElement, line 3: TypeError: top.document.getElementById(...) is null
JavaScript error: https://www.kijiji.ca/v-women-other-clothing/ottawa/lot-of-scrubs-uniforms-size-small-white-cross-scrubstar-mobb/1478334645 line 1 > scriptElement, line 3: TypeError: top.document.getElementById(...) is null

###!!! [Child][RunMessage] Error: Channel closing: too late to send/recv, messages will be lost


###!!! [Child][RunMessage] Error: Channel closing: too late to send/recv, messages will be lost

1576769861251	Marionette	INFO	Stopped listening on port 44079

###!!! [Parent][RunMessage] Error: Channel closing: too late to send/recv, messages will be lost


###!!! [Parent][RunMessage] Error: Channel closing: too late to send/recv, messages will be lost


###!!! [Parent][RunMessage] Error: Channel closing: too late to send/recv, messages will be lost


###!!! [Parent][RunMessage] Error: Channel closing: too late to send/recv, messages will be lost


###!!! [Parent][RunMessage] Error: Channel closing: too late to send/recv, messages will be lost


###!!! [Parent][RunMessage] Error: Channel closing: too late to send/recv, messages will be lost


###!!! [Parent][RunMessage] Error: Channel closing: too late to send/recv, messages will be lost


###!!! [Parent][RunMessage] Error: Channel closing: too late to send/recv, messages will be lost


###!!! [Parent][RunMessage] Error: Channel closing: too late to send/recv, messages will be lost

1576769954409	mozrunner::runner	INFO	Running command: "/bin/firefox" "-marionette" "-foreground" "-no-remote" "-profile" "/tmp/rust_mozprofile.UnOGCt83vBCX"
1576769954873	addons.webextension.screenshots@mozilla.org	WARN	Loading extension 'screenshots@mozilla.org': Reading manifest: Invalid extension permission: mozillaAddons
1576769954874	addons.webextension.screenshots@mozilla.org	WARN	Loading extension 'screenshots@mozilla.org': Reading manifest: Invalid extension permission: telemetry
1576769954874	addons.webextension.screenshots@mozilla.org	WARN	Loading extension 'screenshots@mozilla.org': Reading manifest: Invalid extension permission: resource://pdf.js/
1576769954874	addons.webextension.screenshots@mozilla.org	WARN	Loading extension 'screenshots@mozilla.org': Reading manifest: Invalid extension permission: about:reader*
1576769956671	Marionette	INFO	Listening on port 42969
1576769956765	Marionette	WARN	TLS certificate errors will be ignored for this session
JavaScript warning: https://ca.classistatic.com/service-static/frontend-service/3.eaa2f14e.js, line 1: unreachable code after return statement
JavaScript warning: https://ca.classistatic.com/service-static/frontend-service/3.eaa2f14e.js, line 1: unreachable code after return statement
JavaScript warning: https://ca.classistatic.com/service-static/frontend-service/3.eaa2f14e.js, line 1: unreachable code after return statement
JavaScript warning: https://ca.classistatic.com/service-static/frontend-service/3.eaa2f14e.js, line 1: unreachable code after return statement
JavaScript warning: https://ca.classistatic.com/service-static/frontend-service/3.eaa2f14e.js, line 1: unreachable code after return statement
JavaScript warning: https://ca.classistatic.com/service-static/frontend-service/3.eaa2f14e.js, line 1: unreachable code after return statement
JavaScript error: https://www.kijiji.ca/v-women-other-clothing/ottawa/lot-of-scrubs-uniforms-size-small-white-cross-scrubstar-mobb/1478334645 line 1 > scriptElement, line 3: TypeError: top.document.getElementById(...) is null
Exiting due to channel error.
Exiting due to channel error.
Exiting due to channel error.
